\BOOKMARK [0][-]{chapter.1}{RRtoolbox package}{}% 1
\BOOKMARK [1][-]{section.1.1}{Subpackages}{chapter.1}% 2
\BOOKMARK [2][-]{subsection.1.1.1}{RRtoolbox.lib package}{section.1.1}% 3
\BOOKMARK [3][-]{subsubsection*.3}{Subpackages}{subsection.1.1.1}% 4
\BOOKMARK [3][-]{subsubsection*.133}{Submodules}{subsection.1.1.1}% 5
\BOOKMARK [3][-]{subsubsection*.134}{RRtoolbox.lib.cache module}{subsection.1.1.1}% 6
\BOOKMARK [3][-]{subsubsection*.183}{RRtoolbox.lib.config module}{subsection.1.1.1}% 7
\BOOKMARK [3][-]{subsubsection*.194}{RRtoolbox.lib.descriptors module}{subsection.1.1.1}% 8
\BOOKMARK [3][-]{subsubsection*.207}{RRtoolbox.lib.directory module}{subsection.1.1.1}% 9
\BOOKMARK [3][-]{subsubsection*.242}{RRtoolbox.lib.image module}{subsection.1.1.1}% 10
\BOOKMARK [3][-]{subsubsection*.243}{RRtoolbox.lib.inspector module}{subsection.1.1.1}% 11
\BOOKMARK [3][-]{subsubsection*.274}{RRtoolbox.lib.plotter module}{subsection.1.1.1}% 12
\BOOKMARK [3][-]{subsubsection*.349}{RRtoolbox.lib.root module}{subsection.1.1.1}% 13
\BOOKMARK [3][-]{subsubsection*.378}{RRtoolbox.lib.serverServices module}{subsection.1.1.1}% 14
\BOOKMARK [3][-]{subsubsection*.397}{RRtoolbox.lib.session module}{subsection.1.1.1}% 15
\BOOKMARK [3][-]{subsubsection*.405}{Module contents}{subsection.1.1.1}% 16
\BOOKMARK [2][-]{subsection.1.1.2}{RRtoolbox.tools package}{section.1.1}% 17
\BOOKMARK [3][-]{subsubsection*.406}{Submodules}{subsection.1.1.2}% 18
\BOOKMARK [3][-]{subsubsection*.407}{RRtoolbox.tools.lens module}{subsection.1.1.2}% 19
\BOOKMARK [3][-]{subsubsection*.412}{RRtoolbox.tools.restoration module}{subsection.1.1.2}% 20
\BOOKMARK [3][-]{subsubsection*.413}{RRtoolbox.tools.segmentation module}{subsection.1.1.2}% 21
\BOOKMARK [3][-]{subsubsection*.421}{RRtoolbox.tools.selectors module}{subsection.1.1.2}% 22
\BOOKMARK [3][-]{subsubsection*.431}{RRtoolbox.tools.sticher module}{subsection.1.1.2}% 23
\BOOKMARK [3][-]{subsubsection*.433}{Module contents}{subsection.1.1.2}% 24
\BOOKMARK [1][-]{section.1.2}{Submodules}{chapter.1}% 25
\BOOKMARK [1][-]{section.1.3}{RRtoolbox.core module}{chapter.1}% 26
\BOOKMARK [1][-]{section.1.4}{RRtoolbox.run module}{chapter.1}% 27
\BOOKMARK [1][-]{section.1.5}{RRtoolbox.shell module}{chapter.1}% 28
\BOOKMARK [1][-]{section.1.6}{Module contents}{chapter.1}% 29
\BOOKMARK [0][-]{chapter.2}{Indices and tables}{}% 30
\BOOKMARK [0][-]{section*.450}{Python Module Index}{}% 31
\BOOKMARK [0][-]{section*.451}{Index}{}% 32
