This is pdfTeX, Version 3.14159265-2.6-1.40.16 (TeX Live 2015/Debian) (preloaded format=pdflatex 2016.5.9)  27 JUL 2016 16:38
entering extended mode
 restricted \write18 enabled.
 %&-line parsing enabled.
**RRtoolbox.tex
(./RRtoolbox.tex
LaTeX2e <2015/01/01>
Babel <3.9l> and hyphenation patterns for 4 languages loaded.
(./sphinxmanual.cls
Document Class: sphinxmanual 2009/06/02 Document class (Sphinx manual)
(/usr/share/texlive/texmf-dist/tex/latex/base/report.cls
Document Class: report 2014/09/29 v1.4h Standard LaTeX document class
(/usr/share/texlive/texmf-dist/tex/latex/base/size10.clo
File: size10.clo 2014/09/29 v1.4h Standard LaTeX file (size option)
)
\c@part=\count79
\c@chapter=\count80
\c@section=\count81
\c@subsection=\count82
\c@subsubsection=\count83
\c@paragraph=\count84
\c@subparagraph=\count85
\c@figure=\count86
\c@table=\count87
\abovecaptionskip=\skip41
\belowcaptionskip=\skip42
\bibindent=\dimen102
))
(/usr/share/texlive/texmf-dist/tex/latex/base/inputenc.sty
Package: inputenc 2015/03/17 v1.2c Input encoding file
\inpenc@prehook=\toks14
\inpenc@posthook=\toks15

(/usr/share/texlive/texmf-dist/tex/latex/base/utf8.def
File: utf8.def 2014/09/29 v1.1m UTF-8 support for inputenc
Now handling font encoding OML ...
... no UTF-8 mapping file for font encoding OML
Now handling font encoding T1 ...
... processing UTF-8 mapping file for font encoding T1

(/usr/share/texlive/texmf-dist/tex/latex/base/t1enc.dfu
File: t1enc.dfu 2014/09/29 v1.1m UTF-8 support for inputenc
   defining Unicode char U+00A1 (decimal 161)
   defining Unicode char U+00A3 (decimal 163)
   defining Unicode char U+00AB (decimal 171)
   defining Unicode char U+00BB (decimal 187)
   defining Unicode char U+00BF (decimal 191)
   defining Unicode char U+00C0 (decimal 192)
   defining Unicode char U+00C1 (decimal 193)
   defining Unicode char U+00C2 (decimal 194)
   defining Unicode char U+00C3 (decimal 195)
   defining Unicode char U+00C4 (decimal 196)
   defining Unicode char U+00C5 (decimal 197)
   defining Unicode char U+00C6 (decimal 198)
   defining Unicode char U+00C7 (decimal 199)
   defining Unicode char U+00C8 (decimal 200)
   defining Unicode char U+00C9 (decimal 201)
   defining Unicode char U+00CA (decimal 202)
   defining Unicode char U+00CB (decimal 203)
   defining Unicode char U+00CC (decimal 204)
   defining Unicode char U+00CD (decimal 205)
   defining Unicode char U+00CE (decimal 206)
   defining Unicode char U+00CF (decimal 207)
   defining Unicode char U+00D0 (decimal 208)
   defining Unicode char U+00D1 (decimal 209)
   defining Unicode char U+00D2 (decimal 210)
   defining Unicode char U+00D3 (decimal 211)
   defining Unicode char U+00D4 (decimal 212)
   defining Unicode char U+00D5 (decimal 213)
   defining Unicode char U+00D6 (decimal 214)
   defining Unicode char U+00D8 (decimal 216)
   defining Unicode char U+00D9 (decimal 217)
   defining Unicode char U+00DA (decimal 218)
   defining Unicode char U+00DB (decimal 219)
   defining Unicode char U+00DC (decimal 220)
   defining Unicode char U+00DD (decimal 221)
   defining Unicode char U+00DE (decimal 222)
   defining Unicode char U+00DF (decimal 223)
   defining Unicode char U+00E0 (decimal 224)
   defining Unicode char U+00E1 (decimal 225)
   defining Unicode char U+00E2 (decimal 226)
   defining Unicode char U+00E3 (decimal 227)
   defining Unicode char U+00E4 (decimal 228)
   defining Unicode char U+00E5 (decimal 229)
   defining Unicode char U+00E6 (decimal 230)
   defining Unicode char U+00E7 (decimal 231)
   defining Unicode char U+00E8 (decimal 232)
   defining Unicode char U+00E9 (decimal 233)
   defining Unicode char U+00EA (decimal 234)
   defining Unicode char U+00EB (decimal 235)
   defining Unicode char U+00EC (decimal 236)
   defining Unicode char U+00ED (decimal 237)
   defining Unicode char U+00EE (decimal 238)
   defining Unicode char U+00EF (decimal 239)
   defining Unicode char U+00F0 (decimal 240)
   defining Unicode char U+00F1 (decimal 241)
   defining Unicode char U+00F2 (decimal 242)
   defining Unicode char U+00F3 (decimal 243)
   defining Unicode char U+00F4 (decimal 244)
   defining Unicode char U+00F5 (decimal 245)
   defining Unicode char U+00F6 (decimal 246)
   defining Unicode char U+00F8 (decimal 248)
   defining Unicode char U+00F9 (decimal 249)
   defining Unicode char U+00FA (decimal 250)
   defining Unicode char U+00FB (decimal 251)
   defining Unicode char U+00FC (decimal 252)
   defining Unicode char U+00FD (decimal 253)
   defining Unicode char U+00FE (decimal 254)
   defining Unicode char U+00FF (decimal 255)
   defining Unicode char U+0102 (decimal 258)
   defining Unicode char U+0103 (decimal 259)
   defining Unicode char U+0104 (decimal 260)
   defining Unicode char U+0105 (decimal 261)
   defining Unicode char U+0106 (decimal 262)
   defining Unicode char U+0107 (decimal 263)
   defining Unicode char U+010C (decimal 268)
   defining Unicode char U+010D (decimal 269)
   defining Unicode char U+010E (decimal 270)
   defining Unicode char U+010F (decimal 271)
   defining Unicode char U+0110 (decimal 272)
   defining Unicode char U+0111 (decimal 273)
   defining Unicode char U+0118 (decimal 280)
   defining Unicode char U+0119 (decimal 281)
   defining Unicode char U+011A (decimal 282)
   defining Unicode char U+011B (decimal 283)
   defining Unicode char U+011E (decimal 286)
   defining Unicode char U+011F (decimal 287)
   defining Unicode char U+0130 (decimal 304)
   defining Unicode char U+0131 (decimal 305)
   defining Unicode char U+0132 (decimal 306)
   defining Unicode char U+0133 (decimal 307)
   defining Unicode char U+0139 (decimal 313)
   defining Unicode char U+013A (decimal 314)
   defining Unicode char U+013D (decimal 317)
   defining Unicode char U+013E (decimal 318)
   defining Unicode char U+0141 (decimal 321)
   defining Unicode char U+0142 (decimal 322)
   defining Unicode char U+0143 (decimal 323)
   defining Unicode char U+0144 (decimal 324)
   defining Unicode char U+0147 (decimal 327)
   defining Unicode char U+0148 (decimal 328)
   defining Unicode char U+014A (decimal 330)
   defining Unicode char U+014B (decimal 331)
   defining Unicode char U+0150 (decimal 336)
   defining Unicode char U+0151 (decimal 337)
   defining Unicode char U+0152 (decimal 338)
   defining Unicode char U+0153 (decimal 339)
   defining Unicode char U+0154 (decimal 340)
   defining Unicode char U+0155 (decimal 341)
   defining Unicode char U+0158 (decimal 344)
   defining Unicode char U+0159 (decimal 345)
   defining Unicode char U+015A (decimal 346)
   defining Unicode char U+015B (decimal 347)
   defining Unicode char U+015E (decimal 350)
   defining Unicode char U+015F (decimal 351)
   defining Unicode char U+0160 (decimal 352)
   defining Unicode char U+0161 (decimal 353)
   defining Unicode char U+0162 (decimal 354)
   defining Unicode char U+0163 (decimal 355)
   defining Unicode char U+0164 (decimal 356)
   defining Unicode char U+0165 (decimal 357)
   defining Unicode char U+016E (decimal 366)
   defining Unicode char U+016F (decimal 367)
   defining Unicode char U+0170 (decimal 368)
   defining Unicode char U+0171 (decimal 369)
   defining Unicode char U+0178 (decimal 376)
   defining Unicode char U+0179 (decimal 377)
   defining Unicode char U+017A (decimal 378)
   defining Unicode char U+017B (decimal 379)
   defining Unicode char U+017C (decimal 380)
   defining Unicode char U+017D (decimal 381)
   defining Unicode char U+017E (decimal 382)
   defining Unicode char U+200C (decimal 8204)
   defining Unicode char U+2013 (decimal 8211)
   defining Unicode char U+2014 (decimal 8212)
   defining Unicode char U+2018 (decimal 8216)
   defining Unicode char U+2019 (decimal 8217)
   defining Unicode char U+201A (decimal 8218)
   defining Unicode char U+201C (decimal 8220)
   defining Unicode char U+201D (decimal 8221)
   defining Unicode char U+201E (decimal 8222)
   defining Unicode char U+2030 (decimal 8240)
   defining Unicode char U+2031 (decimal 8241)
   defining Unicode char U+2039 (decimal 8249)
   defining Unicode char U+203A (decimal 8250)
   defining Unicode char U+2423 (decimal 9251)
)
Now handling font encoding OT1 ...
... processing UTF-8 mapping file for font encoding OT1

(/usr/share/texlive/texmf-dist/tex/latex/base/ot1enc.dfu
File: ot1enc.dfu 2014/09/29 v1.1m UTF-8 support for inputenc
   defining Unicode char U+00A1 (decimal 161)
   defining Unicode char U+00A3 (decimal 163)
   defining Unicode char U+00B8 (decimal 184)
   defining Unicode char U+00BF (decimal 191)
   defining Unicode char U+00C5 (decimal 197)
   defining Unicode char U+00C6 (decimal 198)
   defining Unicode char U+00D8 (decimal 216)
   defining Unicode char U+00DF (decimal 223)
   defining Unicode char U+00E6 (decimal 230)
   defining Unicode char U+00EC (decimal 236)
   defining Unicode char U+00ED (decimal 237)
   defining Unicode char U+00EE (decimal 238)
   defining Unicode char U+00EF (decimal 239)
   defining Unicode char U+00F8 (decimal 248)
   defining Unicode char U+0131 (decimal 305)
   defining Unicode char U+0141 (decimal 321)
   defining Unicode char U+0142 (decimal 322)
   defining Unicode char U+0152 (decimal 338)
   defining Unicode char U+0153 (decimal 339)
   defining Unicode char U+2013 (decimal 8211)
   defining Unicode char U+2014 (decimal 8212)
   defining Unicode char U+2018 (decimal 8216)
   defining Unicode char U+2019 (decimal 8217)
   defining Unicode char U+201C (decimal 8220)
   defining Unicode char U+201D (decimal 8221)
)
Now handling font encoding OMS ...
... processing UTF-8 mapping file for font encoding OMS

(/usr/share/texlive/texmf-dist/tex/latex/base/omsenc.dfu
File: omsenc.dfu 2014/09/29 v1.1m UTF-8 support for inputenc
   defining Unicode char U+00A7 (decimal 167)
   defining Unicode char U+00B6 (decimal 182)
   defining Unicode char U+00B7 (decimal 183)
   defining Unicode char U+2020 (decimal 8224)
   defining Unicode char U+2021 (decimal 8225)
   defining Unicode char U+2022 (decimal 8226)
)
Now handling font encoding OMX ...
... no UTF-8 mapping file for font encoding OMX
Now handling font encoding U ...
... no UTF-8 mapping file for font encoding U
   defining Unicode char U+00A9 (decimal 169)
   defining Unicode char U+00AA (decimal 170)
   defining Unicode char U+00AE (decimal 174)
   defining Unicode char U+00BA (decimal 186)
   defining Unicode char U+02C6 (decimal 710)
   defining Unicode char U+02DC (decimal 732)
   defining Unicode char U+200C (decimal 8204)
   defining Unicode char U+2026 (decimal 8230)
   defining Unicode char U+2122 (decimal 8482)
   defining Unicode char U+2423 (decimal 9251)
))
   defining Unicode char U+00A0 (decimal 160)

(/usr/share/texlive/texmf-dist/tex/latex/cmap/cmap.sty
Package: cmap 2008/03/06 v1.0h CMap support: searchable PDF
)
(/usr/share/texlive/texmf-dist/tex/latex/base/fontenc.sty
Package: fontenc 2005/09/27 v1.99g Standard LaTeX package

(/usr/share/texlive/texmf-dist/tex/latex/base/t1enc.def
File: t1enc.def 2005/09/27 v1.99g Standard LaTeX file
LaTeX Font Info:    Redeclaring font encoding T1 on input line 48.
)<<t1.cmap>>)
(/usr/share/texlive/texmf-dist/tex/generic/babel/babel.sty
Package: babel 2014/09/25 3.9l The Babel package

(/usr/share/texlive/texmf-dist/tex/generic/babel-english/english.ldf
Language: english 2012/08/20 v3.3p English support from the babel system

(/usr/share/texlive/texmf-dist/tex/generic/babel/babel.def
File: babel.def 2014/09/25 3.9l Babel common definitions
\babel@savecnt=\count88
\U@D=\dimen103
)
\l@canadian = a dialect from \language\l@american 
\l@australian = a dialect from \language\l@british 
\l@newzealand = a dialect from \language\l@british 
))
(/usr/share/texlive/texmf-dist/tex/latex/psnfss/times.sty
Package: times 2005/04/12 PSNFSS-v9.2a (SPQR) 
) (./fncychap.sty
Package: fncychap 2007/07/30 v1.34 LaTeX package (Revised chapters)
\RW=\skip43
\mylen=\skip44
\myhi=\skip45
\px=\skip46
\py=\skip47
\pyy=\skip48
\pxx=\skip49
)
(/usr/share/texlive/texmf-dist/tex/latex/tools/longtable.sty
Package: longtable 2014/10/28 v4.11 Multi-page Table package (DPC)
\LTleft=\skip50
\LTright=\skip51
\LTpre=\skip52
\LTpost=\skip53
\LTchunksize=\count89
\LTcapwidth=\dimen104
\LT@head=\box26
\LT@firsthead=\box27
\LT@foot=\box28
\LT@lastfoot=\box29
\LT@cols=\count90
\LT@rows=\count91
\c@LT@tables=\count92
\c@LT@chunks=\count93
\LT@p@ftn=\toks16
) (./sphinx.sty
Package: sphinx 2010/01/15 LaTeX package (Sphinx markup)

(/usr/share/texlive/texmf-dist/tex/latex/fancyhdr/fancyhdr.sty
\fancy@headwidth=\skip54
\f@ncyO@elh=\skip55
\f@ncyO@erh=\skip56
\f@ncyO@olh=\skip57
\f@ncyO@orh=\skip58
\f@ncyO@elf=\skip59
\f@ncyO@erf=\skip60
\f@ncyO@olf=\skip61
\f@ncyO@orf=\skip62
)
(/usr/share/texlive/texmf-dist/tex/latex/base/textcomp.sty
Package: textcomp 2005/09/27 v1.99g Standard LaTeX package
Package textcomp Info: Sub-encoding information:
(textcomp)               5 = only ISO-Adobe without \textcurrency
(textcomp)               4 = 5 + \texteuro
(textcomp)               3 = 4 + \textohm
(textcomp)               2 = 3 + \textestimated + \textcurrency
(textcomp)               1 = TS1 - \textcircled - \t
(textcomp)               0 = TS1 (full)
(textcomp)             Font families with sub-encoding setting implement
(textcomp)             only a restricted character set as indicated.
(textcomp)             Family '?' is the default used for unknown fonts.
(textcomp)             See the documentation for details.
Package textcomp Info: Setting ? sub-encoding to TS1/1 on input line 79.

(/usr/share/texlive/texmf-dist/tex/latex/base/ts1enc.def
File: ts1enc.def 2001/06/05 v3.0e (jk/car/fm) Standard LaTeX file
Now handling font encoding TS1 ...
... processing UTF-8 mapping file for font encoding TS1

(/usr/share/texlive/texmf-dist/tex/latex/base/ts1enc.dfu
File: ts1enc.dfu 2014/09/29 v1.1m UTF-8 support for inputenc
   defining Unicode char U+00A2 (decimal 162)
   defining Unicode char U+00A3 (decimal 163)
   defining Unicode char U+00A4 (decimal 164)
   defining Unicode char U+00A5 (decimal 165)
   defining Unicode char U+00A6 (decimal 166)
   defining Unicode char U+00A7 (decimal 167)
   defining Unicode char U+00A8 (decimal 168)
   defining Unicode char U+00A9 (decimal 169)
   defining Unicode char U+00AA (decimal 170)
   defining Unicode char U+00AC (decimal 172)
   defining Unicode char U+00AE (decimal 174)
   defining Unicode char U+00AF (decimal 175)
   defining Unicode char U+00B0 (decimal 176)
   defining Unicode char U+00B1 (decimal 177)
   defining Unicode char U+00B2 (decimal 178)
   defining Unicode char U+00B3 (decimal 179)
   defining Unicode char U+00B4 (decimal 180)
   defining Unicode char U+00B5 (decimal 181)
   defining Unicode char U+00B6 (decimal 182)
   defining Unicode char U+00B7 (decimal 183)
   defining Unicode char U+00B9 (decimal 185)
   defining Unicode char U+00BA (decimal 186)
   defining Unicode char U+00BC (decimal 188)
   defining Unicode char U+00BD (decimal 189)
   defining Unicode char U+00BE (decimal 190)
   defining Unicode char U+00D7 (decimal 215)
   defining Unicode char U+00F7 (decimal 247)
   defining Unicode char U+0192 (decimal 402)
   defining Unicode char U+02C7 (decimal 711)
   defining Unicode char U+02D8 (decimal 728)
   defining Unicode char U+02DD (decimal 733)
   defining Unicode char U+0E3F (decimal 3647)
   defining Unicode char U+2016 (decimal 8214)
   defining Unicode char U+2020 (decimal 8224)
   defining Unicode char U+2021 (decimal 8225)
   defining Unicode char U+2022 (decimal 8226)
   defining Unicode char U+2030 (decimal 8240)
   defining Unicode char U+2031 (decimal 8241)
   defining Unicode char U+203B (decimal 8251)
   defining Unicode char U+203D (decimal 8253)
   defining Unicode char U+2044 (decimal 8260)
   defining Unicode char U+204E (decimal 8270)
   defining Unicode char U+2052 (decimal 8274)
   defining Unicode char U+20A1 (decimal 8353)
   defining Unicode char U+20A4 (decimal 8356)
   defining Unicode char U+20A6 (decimal 8358)
   defining Unicode char U+20A9 (decimal 8361)
   defining Unicode char U+20AB (decimal 8363)
   defining Unicode char U+20AC (decimal 8364)
   defining Unicode char U+20B1 (decimal 8369)
   defining Unicode char U+2103 (decimal 8451)
   defining Unicode char U+2116 (decimal 8470)
   defining Unicode char U+2117 (decimal 8471)
   defining Unicode char U+211E (decimal 8478)
   defining Unicode char U+2120 (decimal 8480)
   defining Unicode char U+2122 (decimal 8482)
   defining Unicode char U+2126 (decimal 8486)
   defining Unicode char U+2127 (decimal 8487)
   defining Unicode char U+212E (decimal 8494)
   defining Unicode char U+2190 (decimal 8592)
   defining Unicode char U+2191 (decimal 8593)
   defining Unicode char U+2192 (decimal 8594)
   defining Unicode char U+2193 (decimal 8595)
   defining Unicode char U+2329 (decimal 9001)
   defining Unicode char U+232A (decimal 9002)
   defining Unicode char U+2422 (decimal 9250)
   defining Unicode char U+25E6 (decimal 9702)
   defining Unicode char U+25EF (decimal 9711)
   defining Unicode char U+266A (decimal 9834)
))
LaTeX Info: Redefining \oldstylenums on input line 334.
Package textcomp Info: Setting cmr sub-encoding to TS1/0 on input line 349.
Package textcomp Info: Setting cmss sub-encoding to TS1/0 on input line 350.
Package textcomp Info: Setting cmtt sub-encoding to TS1/0 on input line 351.
Package textcomp Info: Setting cmvtt sub-encoding to TS1/0 on input line 352.
Package textcomp Info: Setting cmbr sub-encoding to TS1/0 on input line 353.
Package textcomp Info: Setting cmtl sub-encoding to TS1/0 on input line 354.
Package textcomp Info: Setting ccr sub-encoding to TS1/0 on input line 355.
Package textcomp Info: Setting ptm sub-encoding to TS1/4 on input line 356.
Package textcomp Info: Setting pcr sub-encoding to TS1/4 on input line 357.
Package textcomp Info: Setting phv sub-encoding to TS1/4 on input line 358.
Package textcomp Info: Setting ppl sub-encoding to TS1/3 on input line 359.
Package textcomp Info: Setting pag sub-encoding to TS1/4 on input line 360.
Package textcomp Info: Setting pbk sub-encoding to TS1/4 on input line 361.
Package textcomp Info: Setting pnc sub-encoding to TS1/4 on input line 362.
Package textcomp Info: Setting pzc sub-encoding to TS1/4 on input line 363.
Package textcomp Info: Setting bch sub-encoding to TS1/4 on input line 364.
Package textcomp Info: Setting put sub-encoding to TS1/5 on input line 365.
Package textcomp Info: Setting uag sub-encoding to TS1/5 on input line 366.
Package textcomp Info: Setting ugq sub-encoding to TS1/5 on input line 367.
Package textcomp Info: Setting ul8 sub-encoding to TS1/4 on input line 368.
Package textcomp Info: Setting ul9 sub-encoding to TS1/4 on input line 369.
Package textcomp Info: Setting augie sub-encoding to TS1/5 on input line 370.
Package textcomp Info: Setting dayrom sub-encoding to TS1/3 on input line 371.
Package textcomp Info: Setting dayroms sub-encoding to TS1/3 on input line 372.

Package textcomp Info: Setting pxr sub-encoding to TS1/0 on input line 373.
Package textcomp Info: Setting pxss sub-encoding to TS1/0 on input line 374.
Package textcomp Info: Setting pxtt sub-encoding to TS1/0 on input line 375.
Package textcomp Info: Setting txr sub-encoding to TS1/0 on input line 376.
Package textcomp Info: Setting txss sub-encoding to TS1/0 on input line 377.
Package textcomp Info: Setting txtt sub-encoding to TS1/0 on input line 378.
Package textcomp Info: Setting lmr sub-encoding to TS1/0 on input line 379.
Package textcomp Info: Setting lmdh sub-encoding to TS1/0 on input line 380.
Package textcomp Info: Setting lmss sub-encoding to TS1/0 on input line 381.
Package textcomp Info: Setting lmssq sub-encoding to TS1/0 on input line 382.
Package textcomp Info: Setting lmvtt sub-encoding to TS1/0 on input line 383.
Package textcomp Info: Setting lmtt sub-encoding to TS1/0 on input line 384.
Package textcomp Info: Setting qhv sub-encoding to TS1/0 on input line 385.
Package textcomp Info: Setting qag sub-encoding to TS1/0 on input line 386.
Package textcomp Info: Setting qbk sub-encoding to TS1/0 on input line 387.
Package textcomp Info: Setting qcr sub-encoding to TS1/0 on input line 388.
Package textcomp Info: Setting qcs sub-encoding to TS1/0 on input line 389.
Package textcomp Info: Setting qpl sub-encoding to TS1/0 on input line 390.
Package textcomp Info: Setting qtm sub-encoding to TS1/0 on input line 391.
Package textcomp Info: Setting qzc sub-encoding to TS1/0 on input line 392.
Package textcomp Info: Setting qhvc sub-encoding to TS1/0 on input line 393.
Package textcomp Info: Setting futs sub-encoding to TS1/4 on input line 394.
Package textcomp Info: Setting futx sub-encoding to TS1/4 on input line 395.
Package textcomp Info: Setting futj sub-encoding to TS1/4 on input line 396.
Package textcomp Info: Setting hlh sub-encoding to TS1/3 on input line 397.
Package textcomp Info: Setting hls sub-encoding to TS1/3 on input line 398.
Package textcomp Info: Setting hlst sub-encoding to TS1/3 on input line 399.
Package textcomp Info: Setting hlct sub-encoding to TS1/5 on input line 400.
Package textcomp Info: Setting hlx sub-encoding to TS1/5 on input line 401.
Package textcomp Info: Setting hlce sub-encoding to TS1/5 on input line 402.
Package textcomp Info: Setting hlcn sub-encoding to TS1/5 on input line 403.
Package textcomp Info: Setting hlcw sub-encoding to TS1/5 on input line 404.
Package textcomp Info: Setting hlcf sub-encoding to TS1/5 on input line 405.
Package textcomp Info: Setting pplx sub-encoding to TS1/3 on input line 406.
Package textcomp Info: Setting pplj sub-encoding to TS1/3 on input line 407.
Package textcomp Info: Setting ptmx sub-encoding to TS1/4 on input line 408.
Package textcomp Info: Setting ptmj sub-encoding to TS1/4 on input line 409.
)
(/usr/share/texlive/texmf-dist/tex/latex/fancybox/fancybox.sty
Package: fancybox 2010/05/15 1.4

Style option: `fancybox' v1.4 <2010/05/15> (tvz)
\@fancybox=\box30
\shadowsize=\dimen105
\@Sbox=\box31
\do@VerbBox=\toks17
\the@fancyput=\toks18
\this@fancyput=\toks19
\EndVerbatimTokens=\toks20
\Verbatim@Outfile=\write3
\Verbatim@Infile=\read1
) (/usr/share/texlive/texmf-dist/tex/latex/titlesec/titlesec.sty
Package: titlesec 2011/12/15 v2.10.0 Sectioning titles
\ttl@box=\box32
\beforetitleunit=\skip63
\aftertitleunit=\skip64
\ttl@plus=\dimen106
\ttl@minus=\dimen107
\ttl@toksa=\toks21
\titlewidth=\dimen108
\titlewidthlast=\dimen109
\titlewidthfirst=\dimen110
)
(./tabulary.sty
Package: tabulary 2008/12/01 v0.9 tabulary package (DPC)
 (/usr/share/texlive/texmf-dist/tex/latex/tools/array.sty
Package: array 2014/10/28 v2.4c Tabular extension package (FMi)
\col@sep=\dimen111
\extrarowheight=\dimen112
\NC@list=\toks22
\extratabsurround=\skip65
\backup@length=\skip66
)
\TY@count=\count94
\TY@linewidth=\dimen113
\tymin=\dimen114
\tymax=\dimen115
\TY@tablewidth=\dimen116
)
(/usr/share/texlive/texmf-dist/tex/latex/amsmath/amsmath.sty
Package: amsmath 2013/01/14 v2.14 AMS math features
\@mathmargin=\skip67

For additional information on amsmath, use the `?' option.
(/usr/share/texlive/texmf-dist/tex/latex/amsmath/amstext.sty
Package: amstext 2000/06/29 v2.01

(/usr/share/texlive/texmf-dist/tex/latex/amsmath/amsgen.sty
File: amsgen.sty 1999/11/30 v2.0
\@emptytoks=\toks23
\ex@=\dimen117
))
(/usr/share/texlive/texmf-dist/tex/latex/amsmath/amsbsy.sty
Package: amsbsy 1999/11/29 v1.2d
\pmbraise@=\dimen118
)
(/usr/share/texlive/texmf-dist/tex/latex/amsmath/amsopn.sty
Package: amsopn 1999/12/14 v2.01 operator names
)
\inf@bad=\count95
LaTeX Info: Redefining \frac on input line 210.
\uproot@=\count96
\leftroot@=\count97
LaTeX Info: Redefining \overline on input line 306.
\classnum@=\count98
\DOTSCASE@=\count99
LaTeX Info: Redefining \ldots on input line 378.
LaTeX Info: Redefining \dots on input line 381.
LaTeX Info: Redefining \cdots on input line 466.
\Mathstrutbox@=\box33
\strutbox@=\box34
\big@size=\dimen119
LaTeX Font Info:    Redeclaring font encoding OML on input line 566.
LaTeX Font Info:    Redeclaring font encoding OMS on input line 567.
\macc@depth=\count100
\c@MaxMatrixCols=\count101
\dotsspace@=\muskip10
\c@parentequation=\count102
\dspbrk@lvl=\count103
\tag@help=\toks24
\row@=\count104
\column@=\count105
\maxfields@=\count106
\andhelp@=\toks25
\eqnshift@=\dimen120
\alignsep@=\dimen121
\tagshift@=\dimen122
\tagwidth@=\dimen123
\totwidth@=\dimen124
\lineht@=\dimen125
\@envbody=\toks26
\multlinegap=\skip68
\multlinetaggap=\skip69
\mathdisplay@stack=\toks27
LaTeX Info: Redefining \[ on input line 2665.
LaTeX Info: Redefining \] on input line 2666.
)
(/usr/share/texlive/texmf-dist/tex/latex/base/makeidx.sty
Package: makeidx 2014/09/29 v1.0m Standard LaTeX package
)
(/usr/share/texlive/texmf-dist/tex/latex/framed/framed.sty
Package: framed 2011/10/22 v 0.96: framed or shaded text with page breaks
\OuterFrameSep=\skip70
\fb@frw=\dimen126
\fb@frh=\dimen127
\FrameRule=\dimen128
\FrameSep=\dimen129
)
(/usr/share/texlive/texmf-dist/tex/latex/base/ifthen.sty
Package: ifthen 2014/09/29 v1.1c Standard LaTeX ifthen package (DPC)
)
(/usr/share/texlive/texmf-dist/tex/latex/graphics/color.sty
Package: color 2014/10/28 v1.1a Standard LaTeX Color (DPC)

(/usr/share/texlive/texmf-dist/tex/latex/latexconfig/color.cfg
File: color.cfg 2007/01/18 v1.5 color configuration of teTeX/TeXLive
)
Package color Info: Driver file: pdftex.def on input line 142.

(/usr/share/texlive/texmf-dist/tex/latex/pdftex-def/pdftex.def
File: pdftex.def 2011/05/27 v0.06d Graphics/color for pdfTeX

(/usr/share/texlive/texmf-dist/tex/generic/oberdiek/infwarerr.sty
Package: infwarerr 2010/04/08 v1.3 Providing info/warning/error messages (HO)
)
(/usr/share/texlive/texmf-dist/tex/generic/oberdiek/ltxcmds.sty
Package: ltxcmds 2011/11/09 v1.22 LaTeX kernel commands for general use (HO)
)
\Gread@gobject=\count107
))
(/usr/share/texlive/texmf-dist/tex/latex/fancyvrb/fancyvrb.sty
Package: fancyvrb 2008/02/07

Style option: `fancyvrb' v2.7a, with DG/SPQR fixes, and firstline=lastline fix 
<2008/02/07> (tvz) (/usr/share/texlive/texmf-dist/tex/latex/graphics/keyval.sty
Package: keyval 2014/10/28 v1.15 key=value parser (DPC)
\KV@toks@=\toks28
)
\FV@CodeLineNo=\count108
\FV@InFile=\read2
\FV@TabBox=\box35
\c@FancyVerbLine=\count109
\FV@StepNumber=\count110
\FV@OutFile=\write4
) (/usr/share/texlive/texmf-dist/tex/latex/threeparttable/threeparttable.sty
Package: threeparttable 2003/06/13  v 3.0
\@tempboxb=\box36
)
(/usr/share/texlive/texmf-dist/tex/latex/mdwtools/footnote.sty
Package: footnote 1997/01/28 1.13 Save footnotes around boxes
\fn@notes=\box37
\fn@width=\dimen130
)
(/usr/share/texlive/texmf-dist/tex/latex/wrapfig/wrapfig.sty
\wrapoverhang=\dimen131
\WF@size=\dimen132
\c@WF@wrappedlines=\count111
\WF@box=\box38
\WF@everypar=\toks29
Package: wrapfig 2003/01/31  v 3.6
)
(/usr/share/texlive/texmf-dist/tex/latex/parskip/parskip.sty
Package: parskip 2001/04/09 non-zero parskip adjustments
)
(/usr/share/texlive/texmf-dist/tex/latex/base/alltt.sty
Package: alltt 1997/06/16 v2.0g defines alltt environment
)
(/usr/share/texlive/texmf-dist/tex/latex/upquote/upquote.sty
Package: upquote 2012/04/19 v1.3 upright-quote and grave-accent glyphs in verba
tim
)
(/usr/share/texlive/texmf-dist/tex/latex/graphics/graphicx.sty
Package: graphicx 2014/10/28 v1.0g Enhanced LaTeX Graphics (DPC,SPQR)

(/usr/share/texlive/texmf-dist/tex/latex/graphics/graphics.sty
Package: graphics 2014/10/28 v1.0p Standard LaTeX Graphics (DPC,SPQR)

(/usr/share/texlive/texmf-dist/tex/latex/graphics/trig.sty
Package: trig 1999/03/16 v1.09 sin cos tan (DPC)
)
(/usr/share/texlive/texmf-dist/tex/latex/latexconfig/graphics.cfg
File: graphics.cfg 2010/04/23 v1.9 graphics configuration of TeX Live
)
Package graphics Info: Driver file: pdftex.def on input line 94.
)
\Gin@req@height=\dimen133
\Gin@req@width=\dimen134
)
(/usr/share/texlive/texmf-dist/tex/generic/pdftex/pdfcolor.tex)
\distancetoright=\skip71
\py@argswidth=\skip72
\py@noticelength=\skip73
\lineblockindentation=\skip74
\image@box=\box39
\image@width=\dimen135

(/usr/share/texlive/texmf-dist/tex/latex/hyperref/hyperref.sty
Package: hyperref 2012/11/06 v6.83m Hypertext links for LaTeX

(/usr/share/texlive/texmf-dist/tex/generic/oberdiek/hobsub-hyperref.sty
Package: hobsub-hyperref 2012/05/28 v1.13 Bundle oberdiek, subset hyperref (HO)


(/usr/share/texlive/texmf-dist/tex/generic/oberdiek/hobsub-generic.sty
Package: hobsub-generic 2012/05/28 v1.13 Bundle oberdiek, subset generic (HO)
Package: hobsub 2012/05/28 v1.13 Construct package bundles (HO)
Package hobsub Info: Skipping package `infwarerr' (already loaded).
Package hobsub Info: Skipping package `ltxcmds' (already loaded).
Package: ifluatex 2010/03/01 v1.3 Provides the ifluatex switch (HO)
Package ifluatex Info: LuaTeX not detected.
Package: ifvtex 2010/03/01 v1.5 Detect VTeX and its facilities (HO)
Package ifvtex Info: VTeX not detected.
Package: intcalc 2007/09/27 v1.1 Expandable calculations with integers (HO)
Package: ifpdf 2011/01/30 v2.3 Provides the ifpdf switch (HO)
Package ifpdf Info: pdfTeX in PDF mode is detected.
Package: etexcmds 2011/02/16 v1.5 Avoid name clashes with e-TeX commands (HO)
Package etexcmds Info: Could not find \expanded.
(etexcmds)             That can mean that you are not using pdfTeX 1.50 or
(etexcmds)             that some package has redefined \expanded.
(etexcmds)             In the latter case, load this package earlier.
Package: kvsetkeys 2012/04/25 v1.16 Key value parser (HO)
Package: kvdefinekeys 2011/04/07 v1.3 Define keys (HO)
Package: pdftexcmds 2011/11/29 v0.20 Utility functions of pdfTeX for LuaTeX (HO
)
Package pdftexcmds Info: LuaTeX not detected.
Package pdftexcmds Info: \pdf@primitive is available.
Package pdftexcmds Info: \pdf@ifprimitive is available.
Package pdftexcmds Info: \pdfdraftmode found.
Package: pdfescape 2011/11/25 v1.13 Implements pdfTeX's escape features (HO)
Package: bigintcalc 2012/04/08 v1.3 Expandable calculations on big integers (HO
)
Package: bitset 2011/01/30 v1.1 Handle bit-vector datatype (HO)
Package: uniquecounter 2011/01/30 v1.2 Provide unlimited unique counter (HO)
)
Package hobsub Info: Skipping package `hobsub' (already loaded).
Package: letltxmacro 2010/09/02 v1.4 Let assignment for LaTeX macros (HO)
Package: hopatch 2012/05/28 v1.2 Wrapper for package hooks (HO)
Package: xcolor-patch 2011/01/30 xcolor patch
Package: atveryend 2011/06/30 v1.8 Hooks at the very end of document (HO)
Package atveryend Info: \enddocument detected (standard20110627).
Package: atbegshi 2011/10/05 v1.16 At begin shipout hook (HO)
Package: refcount 2011/10/16 v3.4 Data extraction from label references (HO)
Package: hycolor 2011/01/30 v1.7 Color options for hyperref/bookmark (HO)
)
(/usr/share/texlive/texmf-dist/tex/generic/ifxetex/ifxetex.sty
Package: ifxetex 2010/09/12 v0.6 Provides ifxetex conditional
)
(/usr/share/texlive/texmf-dist/tex/latex/oberdiek/auxhook.sty
Package: auxhook 2011/03/04 v1.3 Hooks for auxiliary files (HO)
)
(/usr/share/texlive/texmf-dist/tex/latex/oberdiek/kvoptions.sty
Package: kvoptions 2011/06/30 v3.11 Key value format for package options (HO)
)
\@linkdim=\dimen136
\Hy@linkcounter=\count112
\Hy@pagecounter=\count113

(/usr/share/texlive/texmf-dist/tex/latex/hyperref/pd1enc.def
File: pd1enc.def 2012/11/06 v6.83m Hyperref: PDFDocEncoding definition (HO)
Now handling font encoding PD1 ...
... no UTF-8 mapping file for font encoding PD1
)
\Hy@SavedSpaceFactor=\count114

(/usr/share/texlive/texmf-dist/tex/latex/latexconfig/hyperref.cfg
File: hyperref.cfg 2002/06/06 v1.2 hyperref configuration of TeXLive
)
Package hyperref Info: Option `colorlinks' set `true' on input line 4319.
Package hyperref Info: Option `breaklinks' set `true' on input line 4319.
Package hyperref Info: Hyper figures OFF on input line 4443.
Package hyperref Info: Link nesting OFF on input line 4448.
Package hyperref Info: Hyper index ON on input line 4451.
Package hyperref Info: Plain pages OFF on input line 4458.
Package hyperref Info: Backreferencing OFF on input line 4463.
Package hyperref Info: Implicit mode ON; LaTeX internals redefined.
Package hyperref Info: Bookmarks ON on input line 4688.
\c@Hy@tempcnt=\count115

(/usr/share/texlive/texmf-dist/tex/latex/url/url.sty
\Urlmuskip=\muskip11
Package: url 2013/09/16  ver 3.4  Verb mode for urls, etc.
)
LaTeX Info: Redefining \url on input line 5041.
\XeTeXLinkMargin=\dimen137
\Fld@menulength=\count116
\Field@Width=\dimen138
\Fld@charsize=\dimen139
Package hyperref Info: Hyper figures OFF on input line 6295.
Package hyperref Info: Link nesting OFF on input line 6300.
Package hyperref Info: Hyper index ON on input line 6303.
Package hyperref Info: backreferencing OFF on input line 6310.
Package hyperref Info: Link coloring ON on input line 6313.
Package hyperref Info: Link coloring with OCG OFF on input line 6320.
Package hyperref Info: PDF/A mode OFF on input line 6325.
LaTeX Info: Redefining \ref on input line 6365.
LaTeX Info: Redefining \pageref on input line 6369.
\Hy@abspage=\count117
\c@Item=\count118
\c@Hfootnote=\count119
)

Package hyperref Message: Driver (autodetected): hpdftex.

(/usr/share/texlive/texmf-dist/tex/latex/hyperref/hpdftex.def
File: hpdftex.def 2012/11/06 v6.83m Hyperref driver for pdfTeX
\Fld@listcount=\count120
\c@bookmark@seq@number=\count121

(/usr/share/texlive/texmf-dist/tex/latex/oberdiek/rerunfilecheck.sty
Package: rerunfilecheck 2011/04/15 v1.7 Rerun checks for auxiliary files (HO)
Package uniquecounter Info: New unique counter `rerunfilecheck' on input line 2
82.
)
\Hy@SectionHShift=\skip75
)
(/usr/share/texlive/texmf-dist/tex/latex/oberdiek/hypcap.sty
Package: hypcap 2011/02/16 v1.11 Adjusting the anchors of captions (HO)
)
\DUlineblockindent=\skip76

(/usr/share/texlive/texmf-dist/tex/latex/caption/newfloat.sty
Package: newfloat 2013/05/11 v1.1-91 Defining new floating environments (AR)
)
Package newfloat Info: New float `literal-block' with options `' on input line 
527.
\c@literal-block=\count122
\newfloat@ftype=\count123
Package newfloat Info: float type `literal-block'=8 on input line 527.

(/usr/share/texlive/texmf-dist/tex/latex/capt-of/capt-of.sty
Package: capt-of 2009/12/29 v0.2 standard captions outside of floats
)
(/usr/share/texlive/texmf-dist/tex/latex/needspace/needspace.sty
Package: needspace 2010/09/12 v1.3d reserve vertical space
))
(/usr/share/texlive/texmf-dist/tex/latex/multirow/multirow.sty
\bigstrutjot=\dimen140
)
(/usr/share/texlive/texmf-dist/tex/latex/eqparbox/eqparbox.sty
Package: eqparbox 2013/03/15 v4.0 Create equal-widthed boxes
\eqp@tempdima=\skip77
\eqp@tempdimb=\skip78
\eqp@tabular@box=\box40
\eqp@list@box=\box41
\eqp@list@indent=\skip79

(/usr/share/texlive/texmf-dist/tex/latex/environ/environ.sty
Package: environ 2014/05/04 v0.3 A new way to define environments

(/usr/share/texlive/texmf-dist/tex/latex/trimspaces/trimspaces.sty
Package: trimspaces 2009/09/17 v1.1 Trim spaces around a token list
)))
\@indexfile=\write5
\openout5 = `RRtoolbox.idx'.


Writing index file RRtoolbox.idx
(./RRtoolbox.aux)
\openout1 = `RRtoolbox.aux'.

LaTeX Font Info:    Checking defaults for OML/cmm/m/it on input line 131.
LaTeX Font Info:    ... okay on input line 131.
LaTeX Font Info:    Checking defaults for T1/cmr/m/n on input line 131.
LaTeX Font Info:    ... okay on input line 131.
LaTeX Font Info:    Checking defaults for OT1/cmr/m/n on input line 131.
LaTeX Font Info:    ... okay on input line 131.
LaTeX Font Info:    Checking defaults for OMS/cmsy/m/n on input line 131.
LaTeX Font Info:    ... okay on input line 131.
LaTeX Font Info:    Checking defaults for OMX/cmex/m/n on input line 131.
LaTeX Font Info:    ... okay on input line 131.
LaTeX Font Info:    Checking defaults for U/cmr/m/n on input line 131.
LaTeX Font Info:    ... okay on input line 131.
LaTeX Font Info:    Checking defaults for TS1/cmr/m/n on input line 131.
LaTeX Font Info:    Try loading font information for TS1+cmr on input line 131.

 (/usr/share/texlive/texmf-dist/tex/latex/base/ts1cmr.fd
File: ts1cmr.fd 2014/09/29 v2.5h Standard LaTeX font definitions
)
LaTeX Font Info:    ... okay on input line 131.
LaTeX Font Info:    Checking defaults for PD1/pdf/m/n on input line 131.
LaTeX Font Info:    ... okay on input line 131.
LaTeX Font Info:    Try loading font information for T1+ptm on input line 131.

(/usr/share/texlive/texmf-dist/tex/latex/psnfss/t1ptm.fd
File: t1ptm.fd 2001/06/04 font definitions for T1/ptm.
)
(/usr/share/texlive/texmf-dist/tex/context/base/supp-pdf.mkii
[Loading MPS to PDF converter (version 2006.09.02).]
\scratchcounter=\count124
\scratchdimen=\dimen141
\scratchbox=\box42
\nofMPsegments=\count125
\nofMParguments=\count126
\everyMPshowfont=\toks30
\MPscratchCnt=\count127
\MPscratchDim=\dimen142
\MPnumerator=\count128
\makeMPintoPDFobject=\count129
\everyMPtoPDFconversion=\toks31
) (/usr/share/texlive/texmf-dist/tex/latex/oberdiek/epstopdf-base.sty
Package: epstopdf-base 2010/02/09 v2.5 Base part for package epstopdf

(/usr/share/texlive/texmf-dist/tex/latex/oberdiek/grfext.sty
Package: grfext 2010/08/19 v1.1 Manage graphics extensions (HO)
)
Package grfext Info: Graphics extension search list:
(grfext)             [.png,.pdf,.jpg,.mps,.jpeg,.jbig2,.jb2,.PNG,.PDF,.JPG,.JPE
G,.JBIG2,.JB2,.eps]
(grfext)             \AppendGraphicsExtensions on input line 452.

(/usr/share/texlive/texmf-dist/tex/latex/latexconfig/epstopdf-sys.cfg
File: epstopdf-sys.cfg 2010/07/13 v1.3 Configuration of (r)epstopdf for TeX Liv
e
))
\AtBeginShipoutBox=\box43
Package hyperref Info: Link coloring ON on input line 131.

(/usr/share/texlive/texmf-dist/tex/latex/hyperref/nameref.sty
Package: nameref 2012/10/27 v2.43 Cross-referencing by name of section

(/usr/share/texlive/texmf-dist/tex/generic/oberdiek/gettitlestring.sty
Package: gettitlestring 2010/12/03 v1.4 Cleanup title references (HO)
)
\c@section@level=\count130
)
LaTeX Info: Redefining \ref on input line 131.
LaTeX Info: Redefining \pageref on input line 131.
LaTeX Info: Redefining \nameref on input line 131.

(./RRtoolbox.out) (./RRtoolbox.out)
\@outlinefile=\write6
\openout6 = `RRtoolbox.out'.


Underfull \hbox (badness 10000) in paragraph at lines 134--134

 []

LaTeX Font Info:    Try loading font information for T1+phv on input line 134.
(/usr/share/texlive/texmf-dist/tex/latex/psnfss/t1phv.fd
File: t1phv.fd 2001/06/04 scalable font definitions for T1/phv.
)
LaTeX Font Info:    Font shape `T1/phv/bx/n' in size <24.88> not available
(Font)              Font shape `T1/phv/b/n' tried instead on input line 134.
LaTeX Font Info:    Font shape `T1/phv/m/it' in size <17.28> not available
(Font)              Font shape `T1/phv/m/sl' tried instead on input line 134.
LaTeX Font Info:    Font shape `T1/phv/bx/it' in size <17.28> not available
(Font)              Font shape `T1/phv/b/it' tried instead on input line 134.
LaTeX Font Info:    Font shape `T1/phv/b/it' in size <17.28> not available
(Font)              Font shape `T1/phv/b/sl' tried instead on input line 134.
LaTeX Font Info:    Font shape `T1/phv/bx/n' in size <17.28> not available
(Font)              Font shape `T1/phv/b/n' tried instead on input line 134.
<<ot1.cmap>><<oml.cmap>><<oms.cmap>><<omx.cmap>> [1

{/var/lib/texmf/fonts/map/pdftex/updmap/pdftex.map}] [2

] (./RRtoolbox.toc
LaTeX Font Info:    Font shape `T1/ptm/bx/n' in size <10> not available
(Font)              Font shape `T1/ptm/b/n' tried instead on input line 2.
)
\tf@toc=\write7
\openout7 = `RRtoolbox.toc'.


Adding blank page after the table of contents.
LaTeX Font Info:    Font shape `T1/phv/bx/n' in size <10> not available
(Font)              Font shape `T1/phv/b/n' tried instead on input line 134.
[1

] [2] [1

] [2

]
Chapter 1.
LaTeX Font Info:    Font shape `T1/phv/bx/n' in size <14.4> not available
(Font)              Font shape `T1/phv/b/n' tried instead on input line 141.
LaTeX Font Info:    Font shape `T1/ptm/bx/n' in size <14.4> not available
(Font)              Font shape `T1/ptm/b/n' tried instead on input line 141.
LaTeX Font Info:    Font shape `T1/ptm/bx/n' in size <24.88> not available
(Font)              Font shape `T1/ptm/b/n' tried instead on input line 141.
LaTeX Font Info:    Font shape `T1/phv/bx/n' in size <12> not available
(Font)              Font shape `T1/phv/b/n' tried instead on input line 147.
LaTeX Font Info:    Font shape `T1/phv/bx/n' in size <9> not available
(Font)              Font shape `T1/phv/b/n' tried instead on input line 153.
LaTeX Font Info:    Try loading font information for T1+pcr on input line 165.
(/usr/share/texlive/texmf-dist/tex/latex/psnfss/t1pcr.fd
File: t1pcr.fd 2001/06/04 font definitions for T1/pcr.
)
LaTeX Font Info:    Font shape `T1/pcr/bx/n' in size <10> not available
(Font)              Font shape `T1/pcr/b/n' tried instead on input line 165.
LaTeX Font Info:    Try loading font information for TS1+ptm on input line 169.


(/usr/share/texlive/texmf-dist/tex/latex/psnfss/ts1ptm.fd
File: ts1ptm.fd 2001/06/04 font definitions for TS1/ptm.
)
LaTeX Font Info:    Font shape `T1/pcr/bx/n' in size <9> not available
(Font)              Font shape `T1/pcr/b/n' tried instead on input line 188.

Underfull \hbox (badness 10000) in paragraph at lines 196--199
\T1/ptm/b/n/10 Note:  \T1/ptm/m/n/10 ob-tained from [][]http://stackoverflow.co
m/a/13849249/5288758[][] and tested in
 []

[3]
Underfull \hbox (badness 10000) in paragraph at lines 232--235
\T1/ptm/b/n/10 Note:  \T1/ptm/m/n/10 im-ple-mented ac-cord-ing to [][]http://ma
th.stackexchange.com/a/747992[][] and tested in
 []

LaTeX Font Info:    Font shape `T1/pcr/m/it' in size <10> not available
(Font)              Font shape `T1/pcr/m/sl' tried instead on input line 284.
[4]
Underfull \hbox (badness 10000) in paragraph at lines 433--433
[]\T1/ptm/m/it/10 contours\T1/ptm/m/n/10 , \T1/ptm/m/it/10 shape=None\T1/ptm/m/
n/10 , \T1/ptm/m/it/10 astype=<type
 []

[5] [6]
Underfull \hbox (badness 10000) in paragraph at lines 723--723
[]\T1/ptm/m/it/10 array\T1/ptm/m/n/10 , \T1/ptm/m/it/10 ypad=0\T1/ptm/m/n/10 , 
\T1/ptm/m/it/10 xpad=0\T1/ptm/m/n/10 , \T1/ptm/m/it/10 bgr-color=None\T1/ptm/m/
n/10 ,
 []

[7] [8] [9]
Underfull \hbox (badness 5316) in paragraph at lines 1085--1085
[]\T1/ptm/m/it/10 back\T1/ptm/m/n/10 , \T1/ptm/m/it/10 fore\T1/ptm/m/n/10 , \T1
/ptm/m/it/10 al-pha=None\T1/ptm/m/n/10 , \T1/ptm/m/it/10 al-fainverted=False\T1
/ptm/m/n/10 , \T1/ptm/m/it/10 un-
 []


Underfull \hbox (badness 10000) in paragraph at lines 1110--1112
[]\T1/ptm/m/n/10 superpose al-pha in
 []

[10] [11]
Underfull \hbox (badness 10000) in paragraph at lines 1292--1294
[]\T1/ptm/m/n/10 superpose al-pha in
 []

[12]
Underfull \hbox (badness 10000) in paragraph at lines 1436--1436
[]\T1/ptm/m/it/10 shape=(10\T1/ptm/m/n/10 , \T1/ptm/m/it/10 10)\T1/ptm/m/n/10 ,
 \T1/ptm/m/it/10 no-points=None\T1/ptm/m/n/10 ,
 []


Underfull \hbox (badness 10000) in paragraph at lines 1436--1436
\T1/ptm/m/it/10 con-vex=False\T1/ptm/m/n/10 , \T1/ptm/m/it/10 er-ratic=False\T1
/ptm/m/n/10 , \T1/ptm/m/it/10 com-
 []

[13]
Underfull \hbox (badness 10000) in paragraph at lines 1558--1558
[]\T1/ptm/m/it/10 arr\T1/ptm/m/n/10 , \T1/ptm/m/it/10 func\T1/ptm/m/n/10 , \T1/
ptm/m/it/10 block_shape=(3\T1/ptm/m/n/10 , \T1/ptm/m/it/10 3)\T1/ptm/m/n/10 ,
 []

[14] [15] [16] [17]
LaTeX Font Info:    Font shape `T1/pcr/m/it' in size <9> not available
(Font)              Font shape `T1/pcr/m/sl' tried instead on input line 2076.
 [18] [19]
Underfull \hbox (badness 10000) in paragraph at lines 2292--2292
[]\T1/ptm/m/it/10 kp_pairs\T1/ptm/m/n/10 , \T1/ptm/m/it/10 osrc_sh\T1/ptm/m/n/1
0 , \T1/ptm/m/it/10 sscr_sh\T1/ptm/m/n/10 , \T1/ptm/m/it/10 odst_sh\T1/ptm/m/n/
10 ,
 []

[20]
Underfull \hbox (badness 10000) in paragraph at lines 2405--2405
[]\T1/ptm/m/it/10 points\T1/ptm/m/n/10 , \T1/ptm/m/it/10 func=<built-in func-ti
on Key-
 []

[21] [22]
Underfull \hbox (badness 10000) in paragraph at lines 2767--2767
[]\T1/ptm/m/it/10 x\T1/ptm/m/n/10 , \T1/ptm/m/it/10 win-dow_len=11\T1/ptm/m/n/1
0 , \T1/ptm/m/it/10 win-dow='hanning'\T1/ptm/m/n/10 , \T1/ptm/m/it/10 cor-
 []

[23] [24] [25]
Underfull \hbox (badness 10000) in paragraph at lines 3122--3122
[]\T1/ptm/m/it/10 func\T1/ptm/m/n/10 , \T1/ptm/m/it/10 cachedir=None\T1/ptm/m/n
/10 , \T1/ptm/m/it/10 ig-nore=None\T1/ptm/m/n/10 ,
 []

[26] [27] [28]
Underfull \hbox (badness 10000) in paragraph at lines 3442--3445

 []


Underfull \hbox (badness 10000) in paragraph at lines 3503--3503
[]\T1/ptm/m/it/10 maxMemory=None\T1/ptm/m/n/10 , \T1/ptm/m/it/10 mar-gin=0.8\T1
/ptm/m/n/10 , \T1/ptm/m/it/10 unit='MB'\T1/ptm/m/n/10 ,
 []

[29] [30] [31]
Underfull \hbox (badness 10000) in paragraph at lines 3822--3825

 []


Underfull \hbox (badness 10000) in paragraph at lines 3839--3842

 []


Underfull \hbox (badness 10000) in paragraph at lines 3843--3846

 []


Underfull \hbox (badness 10000) in paragraph at lines 3929--3929
[]\T1/ptm/m/it/10 feature_name\T1/ptm/m/n/10 , \T1/ptm/m/it/10 img\T1/ptm/m/n/1
0 , \T1/ptm/m/it/10 mask=None\T1/ptm/m/n/10 ,
 []

[32] [33]
Overfull \hbox (31.21112pt too wide) in paragraph at lines 4105--4106
[]\T1/ptm/m/n/10 # [][]http://docs.opencv.org/3.0-beta/doc/py_tutorials/py_feat
ure2d/py_feature_homography/py_feature_homography.html[][] 
 []

[34] [35]
Overfull \hbox (131.73178pt too wide) in paragraph at lines 4402--4402
[]\T1/ptm/m/it/10 path='/mnt/4E443F99443F82AF/Dropbox/PYTHON/RRtools/RRtoolbox/
lib/directory.pyc'\T1/ptm/m/n/10 ,
 []

[36] [37]
Overfull \hbox (117.23178pt too wide) in paragraph at lines 4615--4615
[]\T1/ptm/m/it/10 path='/mnt/4E443F99443F82AF/Dropbox/PYTHON/RRtools/RRtoolbox/
lib/directory.pyc'\T1/pcr/m/n/10 ) 
 []


Overfull \hbox (117.23178pt too wide) in paragraph at lines 4667--4667
[]\T1/ptm/m/it/10 path='/mnt/4E443F99443F82AF/Dropbox/PYTHON/RRtools/RRtoolbox/
lib/directory.pyc'\T1/pcr/m/n/10 ) 
 []

[38]
LaTeX Font Info:    Try loading font information for TS1+pcr on input line 4735
.
 (/usr/share/texlive/texmf-dist/tex/latex/psnfss/ts1pcr.fd
File: ts1pcr.fd 2001/06/04 font definitions for TS1/pcr.
)
Overfull \hbox (141.23178pt too wide) in paragraph at lines 4753--4753
[]\T1/ptm/m/it/10 path='/mnt/4E443F99443F82AF/Dropbox/PYTHON/RRtools/RRtoolbox/
lib/directory.pyc'\T1/pcr/m/n/10 ) 
 []

[39] [40] [41] [42] [43]
Underfull \hbox (badness 5924) in paragraph at lines 5388--5388
[]\T1/ptm/m/it/10 im\T1/ptm/m/n/10 , \T1/ptm/m/it/10 win='get co-or-di-nates'\T
1/ptm/m/n/10 , \T1/ptm/m/it/10 up-date-func=<function draw-coor-
 []

[44]
Underfull \hbox (badness 6575) in paragraph at lines 5508--5508
[]\T1/ptm/m/it/10 flag=None\T1/ptm/m/n/10 , \T1/ptm/m/it/10 RGB=None\T1/ptm/m/n
/10 , \T1/ptm/m/it/10 mpath=None\T1/ptm/m/n/10 , \T1/ptm/m/it/10 mode=None\T1/p
tm/m/n/10 , \T1/ptm/m/it/10 func=None\T1/ptm/m/n/10 , \T1/ptm/m/it/10 dsize=Non
e\T1/ptm/m/n/10 ,
 []


Underfull \hbox (badness 10000) in paragraph at lines 5541--5541
\T1/ptm/m/it/10 in-ter-po-la-tion=None\T1/ptm/m/n/10 , \T1/ptm/m/it/10 mmode=No
ne\T1/ptm/m/n/10 , \T1/ptm/m/it/10 mpath=None\T1/ptm/m/n/10 ,
 []


Overfull \hbox (23.78644pt too wide) in paragraph at lines 5587--5588
[]|\T1/ptm/m/n/10 cv2.CV_LOAD_IMAGE_COLOR| 
 []


Overfull \hbox (48.84636pt too wide) in paragraph at lines 5596--5597
[]|\T1/ptm/m/n/10 cv2.CV_LOAD_IMAGE_GRAYSCALE| 
 []


Overfull \hbox (53.21637pt too wide) in paragraph at lines 5603--5604
[]|\T1/ptm/m/n/10 cv2.CV_LOAD_IMAGE_UNCHANGED| 
 []


Overfull \hbox (19.71375pt too wide) in paragraph at lines 5565--5615
[][] 
 []

[45]
Underfull \hbox (badness 10000) in paragraph at lines 5663--5665
[]|\T1/ptm/m/n/10 nearest-neighbor in-ter-po-la-
 []


Underfull \hbox (badness 7576) in paragraph at lines 5680--5682
[]|\T1/ptm/m/n/10 bicubic in-ter-po-la-tion over
 []


Overfull \hbox (19.71375pt too wide) in paragraph at lines 5647--5704
[][] 
 []

[46]
Overfull \hbox (23.78644pt too wide) in paragraph at lines 5835--5836
[]|\T1/ptm/m/n/10 cv2.CV_LOAD_IMAGE_COLOR| 
 []


Overfull \hbox (48.84636pt too wide) in paragraph at lines 5844--5845
[]|\T1/ptm/m/n/10 cv2.CV_LOAD_IMAGE_GRAYSCALE| 
 []


Overfull \hbox (53.21637pt too wide) in paragraph at lines 5851--5852
[]|\T1/ptm/m/n/10 cv2.CV_LOAD_IMAGE_UNCHANGED| 
 []


Overfull \hbox (19.71375pt too wide) in paragraph at lines 5822--5856
[][] 
 []

[47]
Overfull \hbox (23.78644pt too wide) in paragraph at lines 5942--5943
[]|\T1/ptm/m/n/10 cv2.CV_LOAD_IMAGE_COLOR| 
 []


Overfull \hbox (48.84636pt too wide) in paragraph at lines 5951--5952
[]|\T1/ptm/m/n/10 cv2.CV_LOAD_IMAGE_GRAYSCALE| 
 []


Overfull \hbox (53.21637pt too wide) in paragraph at lines 5958--5959
[]|\T1/ptm/m/n/10 cv2.CV_LOAD_IMAGE_UNCHANGED| 
 []


Overfull \hbox (19.71375pt too wide) in paragraph at lines 5920--5970
[][] 
 []


Underfull \hbox (badness 10000) in paragraph at lines 6015--6017
[]|\T1/ptm/m/n/10 nearest-neighbor in-ter-po-la-
 []


Underfull \hbox (badness 7576) in paragraph at lines 6032--6034
[]|\T1/ptm/m/n/10 bicubic in-ter-po-la-tion over
 []


Overfull \hbox (19.71375pt too wide) in paragraph at lines 5999--6056
[][] 
 []

[48]
Overfull \hbox (23.78644pt too wide) in paragraph at lines 6117--6118
[]|\T1/ptm/m/n/10 cv2.CV_LOAD_IMAGE_COLOR| 
 []


Overfull \hbox (48.84636pt too wide) in paragraph at lines 6126--6127
[]|\T1/ptm/m/n/10 cv2.CV_LOAD_IMAGE_GRAYSCALE| 
 []


Overfull \hbox (53.21637pt too wide) in paragraph at lines 6133--6134
[]|\T1/ptm/m/n/10 cv2.CV_LOAD_IMAGE_UNCHANGED| 
 []


Overfull \hbox (19.71375pt too wide) in paragraph at lines 6104--6138
[][] 
 []

[49]
Underfull \hbox (badness 10000) in paragraph at lines 6156--6156
[]\T1/ptm/m/it/10 loader=None\T1/ptm/m/n/10 , \T1/ptm/m/it/10 maxMem-ory=None\T
1/ptm/m/n/10 , \T1/ptm/m/it/10 mar-gin=0.8\T1/ptm/m/n/10 ,
 []


Overfull \hbox (23.78644pt too wide) in paragraph at lines 6223--6224
[]|\T1/ptm/m/n/10 cv2.CV_LOAD_IMAGE_COLOR| 
 []


Overfull \hbox (48.84636pt too wide) in paragraph at lines 6232--6233
[]|\T1/ptm/m/n/10 cv2.CV_LOAD_IMAGE_GRAYSCALE| 
 []


Overfull \hbox (53.21637pt too wide) in paragraph at lines 6239--6240
[]|\T1/ptm/m/n/10 cv2.CV_LOAD_IMAGE_UNCHANGED| 
 []


Overfull \hbox (19.71375pt too wide) in paragraph at lines 6210--6244
[][] 
 []

[50] [51] [52]
Underfull \hbox (badness 10000) in paragraph at lines 6685--6685
[]\T1/ptm/m/it/10 source=None\T1/ptm/m/n/10 , \T1/ptm/m/it/10 save-flag=True\T1
/ptm/m/n/10 , \T1/ptm/m/it/10 la-bel='`\T1/ptm/m/n/10 ,
 []

[53] [54]
Underfull \hbox (badness 10000) in paragraph at lines 7007--7007
\T1/ptm/m/it/10 leg-end=True\T1/ptm/m/n/10 , \T1/ptm/m/it/10 an-no-tate=True\T1
/ptm/m/n/10 , \T1/ptm/m/it/10 cols=3\T1/ptm/m/n/10 , \T1/ptm/m/it/10 scale=0.07
\T1/ptm/m/n/10 ,
 []

[55]
Underfull \hbox (badness 6252) in paragraph at lines 7136--7136
[]\T1/ptm/m/it/10 win\T1/ptm/m/n/10 , \T1/ptm/m/it/10 img1\T1/ptm/m/n/10 , \T1/
ptm/m/it/10 img2\T1/ptm/m/n/10 , \T1/ptm/m/it/10 kp_pairs=()\T1/ptm/m/n/10 , \T
1/ptm/m/it/10 sta-tus=None\T1/ptm/m/n/10 ,
 []

[56] [57] [58] [59] [60] [61] [62]
Underfull \hbox (badness 10000) in paragraph at lines 7963--7968

 []

[63]
Underfull \hbox (badness 10000) in paragraph at lines 8141--8141
[]\T1/ptm/m/it/10 msg=None\T1/ptm/m/n/10 , \T1/ptm/m/it/10 fac-tor=None\T1/ptm/
m/n/10 , \T1/ptm/m/it/10 pre-ci-sion=None\T1/ptm/m/n/10 , \T1/ptm/m/it/10 abv=N
one\T1/ptm/m/n/10 ,
 []

[64] [65] [66] [67] [68] [69]
Underfull \hbox (badness 10000) in paragraph at lines 9020--9020
[]\T1/ptm/m/it/10 filepath\T1/ptm/m/n/10 , \T1/ptm/m/it/10 ses-sion\T1/ptm/m/n/
10 , \T1/ptm/m/it/10 re-place=True\T1/ptm/m/n/10 , \T1/ptm/m/it/10 rd-helper=No
ne\T1/ptm/m/n/10 ,
 []

[70] [71]
Underfull \hbox (badness 10000) in paragraph at lines 9322--9322
[]\T1/ptm/m/it/10 data\T1/ptm/m/n/10 , \T1/ptm/m/it/10 loader=None\T1/ptm/m/n/1
0 , \T1/ptm/m/it/10 saveTo=None\T1/ptm/m/n/10 , \T1/ptm/m/it/10 au-to-
 []


Underfull \hbox (badness 10000) in paragraph at lines 9322--9322
\T1/ptm/m/it/10 qual-ify=False\T1/ptm/m/n/10 , \T1/ptm/m/it/10 showOn-ly-Passed
Test=False\T1/ptm/m/n/10 ,
 []

[72] [73]
Underfull \hbox (badness 10000) in paragraph at lines 9580--9584
[]\T1/ptm/m/n/10 Yan Liu, Fei-hong Yu, An au-to-matic im-age fu-sion al-go-rith
m for un-reg-is-tered mul-
 []


Underfull \hbox (badness 10000) in paragraph at lines 9580--9584
\T1/ptm/m/n/10 ti-ply multi-focus im-ages, Op-tics Com-mu-ni-ca-tions, Vol-ume 
341, 15 April 2015,
 []


Underfull \hbox (badness 10000) in paragraph at lines 9580--9584
\T1/ptm/m/n/10 Pages 101-113, ISSN 0030-4018, [][]http://dx.doi.org/10.1016/j.o
ptcom.2014.12.015[][].
 []

[74] [75] [76]
Chapter 2.
[77

] [78

] [79


] (./RRtoolbox.ind [80


]
Underfull \hbox (badness 10000) in paragraph at lines 8--9
[]\T1/ptm/m/n/10 alpha (RRtool-box.lib.arrayops.filters.FilterBase at-
 []


Underfull \hbox (badness 10000) in paragraph at lines 14--15
[]\T1/ptm/m/n/10 apply2kp_pairs() (in mod-ule RRtool-
 []


Underfull \hbox (badness 10000) in paragraph at lines 15--16
[]\T1/ptm/m/n/10 applythresh() (RRtool-box.lib.plotter.imtester static
 []


Underfull \hbox (badness 10000) in paragraph at lines 31--32
[]\T1/ptm/m/n/10 beta1 (RRtool-box.lib.arrayops.filters.FilterBase at-
 []


Underfull \hbox (badness 10000) in paragraph at lines 32--33
[]\T1/ptm/m/n/10 beta2 (RRtool-box.lib.arrayops.filters.FilterBase at-
 []


Underfull \hbox (badness 10000) in paragraph at lines 35--36
[]\T1/ptm/m/n/10 biggestCntData() (in mod-ule RRtool-
 []


Underfull \hbox (badness 10000) in paragraph at lines 36--37
[]\T1/ptm/m/n/10 bilateralFilter() (in mod-ule RRtool-
 []


Underfull \hbox (badness 10000) in paragraph at lines 37--38
[]\T1/ptm/m/n/10 BilateralParameters (class in RRtool-
 []


Underfull \hbox (badness 10000) in paragraph at lines 47--48
[]\T1/ptm/m/n/10 bytes2units() (RRtool-box.lib.cache.resourceManager
 []


Underfull \hbox (badness 7869) in paragraph at lines 52--53
[]\T1/ptm/m/n/10 cachedir (RRtool-box.lib.cache.DynamicMemoizedFunc
 []


Underfull \hbox (badness 10000) in paragraph at lines 54--55
[]\T1/ptm/m/n/10 call_and_shelve() (RRtool-
 []


Underfull \hbox (badness 10000) in paragraph at lines 54--55
\T1/ptm/m/n/10 box.lib.cache.DynamicMemoizedFunc
 []


Underfull \hbox (badness 10000) in paragraph at lines 66--67
[]\T1/ptm/m/n/10 clear() (RRtool-box.lib.cache.DynamicMemoizedFunc
 []

[81

]
Underfull \hbox (badness 10000) in paragraph at lines 83--84
[]\T1/ptm/m/n/10 contour2points() (in mod-ule RRtool-
 []


Underfull \hbox (badness 10000) in paragraph at lines 84--85
[]\T1/ptm/m/n/10 contours2mask() (in mod-ule RRtool-
 []


Underfull \hbox (badness 10000) in paragraph at lines 91--92
[]\T1/ptm/m/n/10 convert2sample() (RRtool-box.lib.root.FactorConvert
 []


Underfull \hbox (badness 10000) in paragraph at lines 94--95
[]\T1/ptm/m/n/10 convexityRatio() (in mod-ule RRtool-
 []


Underfull \hbox (badness 10000) in paragraph at lines 99--100
[]\T1/ptm/m/n/10 correctSTRBuiltin() (RRtool-box.lib.directory.directory
 []


Underfull \hbox (badness 10000) in paragraph at lines 105--106
[]\T1/ptm/m/n/10 decorateInstanceMethods() (in mod-ule RRtool-
 []


Underfull \hbox (badness 10000) in paragraph at lines 107--108
[]\T1/ptm/m/n/10 default (RRtool-box.lib.config.directoryManager at-
 []


Underfull \hbox (badness 10000) in paragraph at lines 111--112
[]\T1/ptm/m/n/10 dict2keyPoint() (in mod-ule RRtool-
 []


Underfull \hbox (badness 10000) in paragraph at lines 115--116
[]\T1/ptm/m/n/10 done() (RRtool-box.lib.inspector.graphTraceOutput
 []


Underfull \hbox (badness 10000) in paragraph at lines 124--125
[]\T1/ptm/m/n/10 drawline() (RRtool-box.lib.plotter.matchExplorer
 []


Underfull \hbox (badness 10000) in paragraph at lines 125--126
[]\T1/ptm/m/n/10 drawrelation() (RRtool-box.lib.plotter.matchExplorer
 []


Underfull \hbox (badness 10000) in paragraph at lines 134--135
[]\T1/ptm/m/n/10 enabled (RRtool-box.lib.cache.DynamicMemoizedFunc
 []


Underfull \hbox (badness 10000) in paragraph at lines 140--141
[]\T1/ptm/m/n/10 exactFactorIndex() (RRtool-box.lib.root.FactorConvert
 []

[82]
Underfull \hbox (badness 10000) in paragraph at lines 157--158
[]\T1/ptm/m/n/10 filterdata() (RRtool-box.lib.directory.directory static
 []


Underfull \hbox (badness 10000) in paragraph at lines 161--162
[]\T1/ptm/m/n/10 find_optic_disc() (in mod-ule RRtool-
 []


Underfull \hbox (badness 10000) in paragraph at lines 173--174
[]\T1/ptm/m/n/10 formatinfo() (RRtool-box.lib.plotter.imtester static
 []


Underfull \hbox (badness 10000) in paragraph at lines 181--182
[]\T1/ptm/m/n/10 generateServer() (in mod-ule RRtool-
 []


Underfull \hbox (badness 10000) in paragraph at lines 182--183
[]\T1/ptm/m/n/10 get_beta_params() (in mod-ule RRtool-
 []


Underfull \hbox (badness 10000) in paragraph at lines 184--185
[]\T1/ptm/m/n/10 get_convertionFunc() (RRtool-box.lib.image.imFactory
 []


Underfull \hbox (badness 10000) in paragraph at lines 185--186
[]\T1/ptm/m/n/10 get_errorFunc() (RRtool-box.lib.image.imFactory
 []


Underfull \hbox (badness 10000) in paragraph at lines 187--188
[]\T1/ptm/m/n/10 get_loadFunc() (RRtool-box.lib.image.imFactory
 []


Underfull \hbox (badness 10000) in paragraph at lines 188--189
[]\T1/ptm/m/n/10 get_mapFunc() (RRtool-box.lib.image.imFactory
 []


Underfull \hbox (badness 10000) in paragraph at lines 190--191
[]\T1/ptm/m/n/10 get_resizeFunc() (RRtool-box.lib.image.imFactory
 []


Underfull \hbox (badness 10000) in paragraph at lines 191--192
[]\T1/ptm/m/n/10 get_tracer_class() (RRtool-box.lib.inspector.graphTrace
 []


Underfull \hbox (badness 10000) in paragraph at lines 192--193
[]\T1/ptm/m/n/10 get_transposeFunc() (RRtool-box.lib.image.imFactory
 []


Underfull \hbox (badness 10000) in paragraph at lines 194--195
[]\T1/ptm/m/n/10 getBilateralParameters() (in mod-ule RRtool-
 []


Underfull \hbox (badness 10000) in paragraph at lines 195--196
[]\T1/ptm/m/n/10 getBrightAlpha() (in mod-ule RRtool-
 []


Underfull \hbox (badness 10000) in paragraph at lines 196--197
[]\T1/ptm/m/n/10 getConfiguration() (RRtool-box.lib.image.imLoader
 []


Underfull \hbox (badness 10000) in paragraph at lines 200--201
[]\T1/ptm/m/n/10 getData() (RRtool-box.tools.selectors.entropyPlot
 []


Underfull \hbox (badness 10000) in paragraph at lines 202--203
[]\T1/ptm/m/n/10 getDicDescriptor() (in mod-ule RRtool-
 []


Underfull \hbox (badness 10000) in paragraph at lines 205--206
[]\T1/ptm/m/n/10 getEnviromentSession() (in mod-ule RRtool-
 []


Underfull \hbox (badness 10000) in paragraph at lines 211--212
[]\T1/ptm/m/n/10 getImage() (RRtool-box.tools.selectors.entropyPlot
 []


Underfull \hbox (badness 10000) in paragraph at lines 212--213
[]\T1/ptm/m/n/10 getLen() (RRtool-box.lib.serverServices.Conection
 []


Underfull \hbox (badness 10000) in paragraph at lines 215--216
[]\T1/ptm/m/n/10 getOtsuThresh() (in mod-ule RRtool-
 []


Underfull \hbox (badness 10000) in paragraph at lines 223--224
[]\T1/ptm/m/n/10 getSizeOf() (RRtool-box.lib.cache.resourceManager
 []


Underfull \hbox (badness 10000) in paragraph at lines 224--225
[]\T1/ptm/m/n/10 getSOpointRelation() (in mod-ule RRtool-
 []


Underfull \hbox (badness 10000) in paragraph at lines 226--227
[]\T1/ptm/m/n/10 getTools() (RRtool-box.lib.config.ConfigTool static
 []

[83]
Underfull \hbox (badness 10000) in paragraph at lines 227--228
[]\T1/ptm/m/n/10 getTransformedCorners() (in mod-ule RRtool-
 []


Underfull \hbox (badness 10000) in paragraph at lines 228--229
[]\T1/ptm/m/n/10 getTransparency() (in mod-ule RRtool-
 []


Underfull \hbox (badness 10000) in paragraph at lines 248--249
[]\T1/ptm/m/n/10 im2imFormat() (in mod-ule RRtool-
 []


Underfull \hbox (badness 10000) in paragraph at lines 249--250
[]\T1/ptm/m/n/10 im2shapeFormat() (in mod-ule RRtool-
 []


Underfull \hbox (badness 10000) in paragraph at lines 284--285
[]\T1/ptm/m/n/10 keepAlive() (RRtool-box.lib.cache.resourceManager
 []


Underfull \hbox (badness 10000) in paragraph at lines 287--288
[]\T1/ptm/m/n/10 keyfunc() (RRtool-box.tools.selectors.entropyPlot
 []


Underfull \hbox (badness 10000) in paragraph at lines 288--289
[]\T1/ptm/m/n/10 keyPoint2tuple() (in mod-ule RRtool-
 []


Underfull \hbox (badness 10000) in paragraph at lines 292--293
[]\T1/ptm/m/n/10 layeredfloods() (in mod-ule RRtool-
 []


Underfull \hbox (badness 10000) in paragraph at lines 311--312
[]\T1/ptm/m/n/10 makeFile() (RRtool-box.lib.directory.FileDirectory
 []


Underfull \hbox (badness 10000) in paragraph at lines 312--313
[]\T1/ptm/m/n/10 makememory() (RRtool-box.lib.cache.Memoizer
 []


Underfull \hbox (badness 10000) in paragraph at lines 317--318
[]\T1/ptm/m/n/10 mask_watershed() (in mod-ule RRtool-
 []

[84]
Underfull \hbox (badness 10000) in paragraph at lines 319--320
[]\T1/ptm/m/n/10 MATCH_multiple() (in mod-ule RRtool-
 []


Underfull \hbox (badness 10000) in paragraph at lines 321--322
[]\T1/ptm/m/n/10 matrixIntercept() (in mod-ule RRtool-
 []


Overfull \hbox (11.32031pt too wide) in paragraph at lines 331--332
[]\T1/ptm/m/n/10 mmap_mode (RRtool-box.lib.cache.DynamicMemoizedFunc
 []


Underfull \hbox (badness 10000) in paragraph at lines 333--334
[]\T1/ptm/m/n/10 mousefunc() (RRtool-box.lib.plotter.matchExplorer
 []


Underfull \hbox (badness 10000) in paragraph at lines 335--336
[]\T1/ptm/m/n/10 multiple_otsu() (in mod-ule RRtool-
 []


Underfull \hbox (badness 10000) in paragraph at lines 336--337
[]\T1/ptm/m/n/10 multiple_superpose() (in mod-ule RRtool-
 []


Underfull \hbox (badness 10000) in paragraph at lines 341--342
[]\T1/ptm/m/n/10 nearFactorIndex() (RRtool-box.lib.root.FactorConvert
 []


Underfull \hbox (badness 10000) in paragraph at lines 347--348
[]\T1/ptm/m/n/10 normalizeCustom() (in mod-ule RRtool-
 []


Underfull \hbox (badness 10000) in paragraph at lines 348--349
[]\T1/ptm/m/n/10 normsigmoid() (in mod-ule RRtool-
 []


Underfull \hbox (badness 10000) in paragraph at lines 386--387
[]\T1/ptm/m/n/10 points2contour() (in mod-ule RRtool-
 []


Underfull \hbox (badness 10000) in paragraph at lines 388--389
[]\T1/ptm/m/n/10 points2vectos() (in mod-ule RRtool-
 []


Underfull \hbox (badness 10000) in paragraph at lines 389--390
[]\T1/ptm/m/n/10 points_generator() (in mod-ule RRtool-
 []


Underfull \hbox (badness 10000) in paragraph at lines 391--392
[]\T1/ptm/m/n/10 polygonArea_calcule() (in mod-ule RRtool-
 []


Underfull \hbox (badness 10000) in paragraph at lines 392--393
[]\T1/ptm/m/n/10 polygonArea_contour() (in mod-ule RRtool-
 []


Underfull \hbox (badness 10000) in paragraph at lines 393--394
[]\T1/ptm/m/n/10 polygonArea_fill() (in mod-ule RRtool-
 []


Underfull \hbox (badness 10000) in paragraph at lines 394--395
[]\T1/ptm/m/n/10 previousim() (RRtool-box.tools.selectors.entropyPlot
 []

[85]
Underfull \hbox (badness 10000) in paragraph at lines 401--402
[]\T1/ptm/m/n/10 process_as_blocks() (in mod-ule RRtool-
 []


Underfull \hbox (badness 10000) in paragraph at lines 416--417
[]\T1/ptm/m/n/10 random_points() (in mod-ule RRtool-
 []


Underfull \hbox (badness 10000) in paragraph at lines 417--418
[]\T1/ptm/m/n/10 randomColor() (RRtool-box.lib.plotter.matchExplorer
 []


Underfull \hbox (badness 10000) in paragraph at lines 423--424
[]\T1/ptm/m/n/10 recursiveMap() (in mod-ule RRtool-
 []


Underfull \hbox (badness 10000) in paragraph at lines 425--426
[]\T1/ptm/m/n/10 recvall() (RRtool-box.lib.serverServices.Conection
 []


Underfull \hbox (badness 10000) in paragraph at lines 426--427
[]\T1/ptm/m/n/10 register() (RRtool-box.lib.cache.resourceManager
 []


Underfull \hbox (badness 10000) in paragraph at lines 429--430
[]\T1/ptm/m/n/10 relativeQuadrants() (in mod-ule RRtool-
 []


Underfull \hbox (badness 10000) in paragraph at lines 430--431
[]\T1/ptm/m/n/10 relativeVectors() (in mod-ule RRtool-
 []


Underfull \hbox (badness 10000) in paragraph at lines 435--436
[]\T1/ptm/m/n/10 repr2list() (RRtool-box.lib.directory.directory static
 []


Underfull \hbox (badness 10000) in paragraph at lines 436--437
[]\T1/ptm/m/n/10 repr2str() (RRtool-box.lib.directory.directory static
 []


Underfull \hbox (badness 10000) in paragraph at lines 439--440
[]\T1/ptm/m/n/10 resetGetter() (RRtool-box.lib.cache.resourceManager
 []


Underfull \hbox (badness 10000) in paragraph at lines 443--444
[]\T1/ptm/m/n/10 retina_markers_thresh() (in mod-ule RRtool-
 []


Underfull \hbox (badness 10000) in paragraph at lines 444--445
[]\T1/ptm/m/n/10 retinal_mask() (in mod-ule RRtool-
 []


Underfull \hbox (badness 10000) in paragraph at lines 445--446
[]\T1/ptm/m/n/10 retinal_mask_simple() (in mod-ule RRtool-
 []


Underfull \hbox (badness 10000) in paragraph at lines 485--486
[]\T1/ptm/m/n/10 save() (RRtool-box.lib.inspector.graphTraceOutput
 []


Underfull \hbox (badness 10000) in paragraph at lines 489--490
[]\T1/ptm/m/n/10 saveSource() (RRtool-box.lib.inspector.graphTrace
 []

[86]
Underfull \hbox (badness 10000) in paragraph at lines 492--493
[]\T1/ptm/m/n/10 selectlist() (RRtool-box.tools.selectors.entropyPlot
 []


Underfull \hbox (badness 10000) in paragraph at lines 495--496
[]\T1/ptm/m/n/10 sendLen() (RRtool-box.lib.serverServices.Conection
 []


Underfull \hbox (badness 10000) in paragraph at lines 498--499
[]\T1/ptm/m/n/10 separePointsByAxis() (in mod-ule RRtool-
 []


Overfull \hbox (22.00922pt too wide) in paragraph at lines 506--507
[]\T1/ptm/m/n/10 sigmaColor (RRtool-box.lib.arrayops.filters.BilateralParameter
s
 []


Overfull \hbox (23.1092pt too wide) in paragraph at lines 507--508
[]\T1/ptm/m/n/10 sigmaSpace (RRtool-box.lib.arrayops.filters.BilateralParameter
s
 []


Underfull \hbox (badness 10000) in paragraph at lines 514--515
[]\T1/ptm/m/n/10 spairs2opairs() (in mod-ule RRtool-
 []


Underfull \hbox (badness 10000) in paragraph at lines 517--518
[]\T1/ptm/m/n/10 spoint2opointfunc() (in mod-ule RRtool-
 []


Underfull \hbox (badness 10000) in paragraph at lines 518--519
[]\T1/ptm/m/n/10 standarizePoints() (in mod-ule RRtool-
 []


Underfull \hbox (badness 10000) in paragraph at lines 525--526
[]\T1/ptm/m/n/10 stitch_multiple() (in mod-ule RRtool-
 []


Underfull \hbox (badness 10000) in paragraph at lines 529--530
[]\T1/ptm/m/n/10 string_is_socket_address() (in mod-ule RRtool-
 []


Underfull \hbox (badness 10000) in paragraph at lines 543--544
[]\T1/ptm/m/n/10 thresh_biggestCnt() (in mod-ule RRtool-
 []


Underfull \hbox (badness 10000) in paragraph at lines 545--546
[]\T1/ptm/m/n/10 threshold_opening() (in mod-ule RRtool-
 []


Underfull \hbox (badness 10000) in paragraph at lines 560--561
[]\T1/ptm/m/n/10 transformPoint() (in mod-ule RRtool-
 []


Underfull \hbox (badness 10000) in paragraph at lines 561--562
[]\T1/ptm/m/n/10 transformPoints() (in mod-ule RRtool-
 []


Underfull \hbox (badness 10000) in paragraph at lines 562--563
[]\T1/ptm/m/n/10 translateQuadrants() (in mod-ule RRtool-
 []


Underfull \hbox (badness 10000) in paragraph at lines 565--566
[]\T1/ptm/m/n/10 tuple2keyPoint() (in mod-ule RRtool-
 []

[87]
Underfull \hbox (badness 10000) in paragraph at lines 572--573
[]\T1/ptm/m/n/10 units2bytes() (RRtool-box.lib.cache.resourceManager
 []


Underfull \hbox (badness 10000) in paragraph at lines 577--578
[]\T1/ptm/m/n/10 update_right() (RRtool-box.lib.directory.directory
 []


Underfull \hbox (badness 10000) in paragraph at lines 579--580
[]\T1/ptm/m/n/10 updaterenderer() (RRtool-box.lib.plotter.matchExplorer
 []


Underfull \hbox (badness 10000) in paragraph at lines 582--583
[]\T1/ptm/m/n/10 updatevisualization() (RRtool-box.lib.plotter.imtester
 []


Underfull \hbox (badness 10000) in paragraph at lines 587--588
[]\T1/ptm/m/n/10 vectorsAngles() (in mod-ule RRtool-
 []


Underfull \hbox (badness 10000) in paragraph at lines 588--589
[]\T1/ptm/m/n/10 vectorsQuadrants() (in mod-ule RRtool-
 []


Underfull \hbox (badness 10000) in paragraph at lines 589--590
[]\T1/ptm/m/n/10 vectos2points() (in mod-ule RRtool-
 []


Underfull \hbox (badness 10000) in paragraph at lines 590--591
[]\T1/ptm/m/n/10 verbose (RRtool-box.lib.cache.DynamicMemoizedFunc
 []


Underfull \hbox (badness 10000) in paragraph at lines 591--592
[]\T1/ptm/m/n/10 vertexesAngles() (in mod-ule RRtool-
 []


Underfull \hbox (badness 10000) in paragraph at lines 592--593
[]\T1/ptm/m/n/10 view_as_blocks() (in mod-ule RRtool-
 []


Underfull \hbox (badness 10000) in paragraph at lines 593--594
[]\T1/ptm/m/n/10 view_as_windows() (in mod-ule RRtool-
 []

[88

])
Package atveryend Info: Empty hook `BeforeClearDocument' on input line 9860.
Package atveryend Info: Empty hook `AfterLastShipout' on input line 9860.
 (./RRtoolbox.aux)
Package atveryend Info: Executing hook `AtVeryEndDocument' on input line 9860.
Package atveryend Info: Executing hook `AtEndAfterFileList' on input line 9860.

Package rerunfilecheck Info: File `RRtoolbox.out' has not changed.
(rerunfilecheck)             Checksum: E46C705610A6C6B2DFF21D30C2954821;2457.
Package atveryend Info: Empty hook `AtVeryVeryEnd' on input line 9860.
 ) 
Here is how much of TeX's memory you used:
 10699 strings out of 494957
 171523 string characters out of 6180029
 267191 words of memory out of 5000000
 12965 multiletter control sequences out of 15000+600000
 68231 words of font info for 77 fonts, out of 8000000 for 9000
 37 hyphenation exceptions out of 8191
 36i,12n,45p,548b,675s stack positions out of 5000i,500n,10000p,200000b,80000s
{/usr/share/texlive/texmf-dist/fonts/enc/dvips/base/8r.enc}</usr/share/texliv
e/texmf-dist/fonts/type1/urw/courier/ucrb8a.pfb></usr/share/texlive/texmf-dist/
fonts/type1/urw/courier/ucrr8a.pfb></usr/share/texlive/texmf-dist/fonts/type1/u
rw/courier/ucrro8a.pfb></usr/share/texlive/texmf-dist/fonts/type1/urw/helvetic/
uhvb8a.pfb></usr/share/texlive/texmf-dist/fonts/type1/urw/helvetic/uhvbo8a.pfb>
</usr/share/texlive/texmf-dist/fonts/type1/urw/helvetic/uhvr8a.pfb></usr/share/
texlive/texmf-dist/fonts/type1/urw/times/utmb8a.pfb></usr/share/texlive/texmf-d
ist/fonts/type1/urw/times/utmr8a.pfb></usr/share/texlive/texmf-dist/fonts/type1
/urw/times/utmri8a.pfb>
Output written on RRtoolbox.pdf (92 pages, 331549 bytes).
PDF statistics:
 1922 PDF objects out of 2073 (max. 8388607)
 1796 compressed objects within 18 object streams
 684 named destinations out of 1000 (max. 500000)
 277 words of extra memory for PDF output out of 10000 (max. 10000000)

